[20:29:26.309 Verbose] - BuildManager - C:\Users\New User\Desktop\GoldBadge\.vs\GoldBadge\v16\lut\0\i\KomodoBadge_Repository\Debug\.NETFramework,Version=v4.7.2.AssemblyAttributes.cs(4,12): error CS0579: Duplicate 'global::System.Runtime.Versioning.TargetFrameworkAttribute' attribute
[20:29:26.309 Verbose] - BuildManager - C:\Users\New User\Desktop\GoldBadge\KomodoBadge_Repository\BadgeContent_Repository.cs(88,46): error CS1955: Non-invocable member 'KeyValuePair<int, List<string>>.Value' cannot be used like a method.
[20:29:26.309 Verbose] - BuildManager - C:\Program Files (x86)\Microsoft Visual Studio\2019\Enterprise\MSBuild\Current\Bin\Roslyn\Microsoft.CSharp.Core.targets(71,5): error MSB4181: The "Csc" task returned false but did not log an error.
[20:29:26.349 Verbose] - BuildManager - Some of the file paths defined in the csproj under the Live Unit Testing build path are missing. Verify whether these files should be present under the Live Unit Testing build path and if necessary update the csproj definition to look these files up in a different place.
[20:29:26.350 Verbose] - BuildManager - Item _OutputPathItem 'C:\Users\New User\Desktop\GoldBadge\.vs\GoldBadge\v16\lut\0\b\KomodoBadge_Console\bin\Debug\' evaluated via:
_OutputPathItem: '$(OutDir)' @ C:\Program Files (x86)\Microsoft Visual Studio\2019\Enterprise\MSBuild\Current\Bin\Microsoft.Common.CurrentVersion.targets:309
  OutDir: '$([MSBuild]::EnsureTrailingSlash($([MSBuild]::ValueOrDefault('$(OutDir)', '$(OutputPath)'))))' @ C:\Program Files (x86)\Microsoft Visual Studio\2019\Enterprise\MSBuild\Current\Bin\Microsoft.Common.CurrentVersion.targets:230
    OutDir: 'C:\Users\New User\Desktop\GoldBadge\.vs\GoldBadge\v16\lut\0\b\KomodoBadge_Console\bin\Debug\' @ C:\Users\New User\Desktop\GoldBadge\KomodoBadge_Console\KomodoBadge_Console.csproj:0
    OutputPath: '$([MSBuild]::EnsureTrailingSlash('$(OutputPath)'))' @ C:\Program Files (x86)\Microsoft Visual Studio\2019\Enterprise\MSBuild\Current\Bin\Microsoft.Common.CurrentVersion.targets:157
      OutputPath: 'bin\Debug\' @ C:\Users\New User\Desktop\GoldBadge\KomodoBadge_Console\KomodoBadge_Console.csproj:21
[20:29:26.350 Verbose] - BuildManager - Item AppConfigFileDestination 'C:\Users\New User\Desktop\GoldBadge\.vs\GoldBadge\v16\lut\0\b\KomodoBadge_Console\bin\Debug\KomodoBadge_Console.exe.config' evaluated via:
AppConfigFileDestination: '$(OutDir)$(TargetFileName).config' @ C:\Program Files (x86)\Microsoft Visual Studio\2019\Enterprise\MSBuild\Current\Bin\Microsoft.Common.CurrentVersion.targets:337
  OutDir: '$([MSBuild]::EnsureTrailingSlash($([MSBuild]::ValueOrDefault('$(OutDir)', '$(OutputPath)'))))' @ C:\Program Files (x86)\Microsoft Visual Studio\2019\Enterprise\MSBuild\Current\Bin\Microsoft.Common.CurrentVersion.targets:230
    OutDir: 'C:\Users\New User\Desktop\GoldBadge\.vs\GoldBadge\v16\lut\0\b\KomodoBadge_Console\bin\Debug\' @ C:\Users\New User\Desktop\GoldBadge\KomodoBadge_Console\KomodoBadge_Console.csproj:0
    OutputPath: '$([MSBuild]::EnsureTrailingSlash('$(OutputPath)'))' @ C:\Program Files (x86)\Microsoft Visual Studio\2019\Enterprise\MSBuild\Current\Bin\Microsoft.Common.CurrentVersion.targets:157
      OutputPath: 'bin\Debug\' @ C:\Users\New User\Desktop\GoldBadge\KomodoBadge_Console\KomodoBadge_Console.csproj:21
  TargetFileName: '$(TargetName)$(TargetExt)' @ C:\Program Files (x86)\Microsoft Visual Studio\2019\Enterprise\MSBuild\Current\Bin\Microsoft.Common.CurrentVersion.targets:247
    TargetName: '$(AssemblyName)' @ C:\Program Files (x86)\Microsoft Visual Studio\2019\Enterprise\MSBuild\Current\Bin\Microsoft.Common.CurrentVersion.targets:239
      AssemblyName: 'KomodoBadge_Console' @ C:\Users\New User\Desktop\GoldBadge\KomodoBadge_Console\KomodoBadge_Console.csproj:10
    TargetExt: '.exe' @ C:\Program Files (x86)\Microsoft Visual Studio\2019\Enterprise\MSBuild\Current\Bin\Microsoft.Common.CurrentVersion.targets:215
[20:29:26.351 Verbose] - BuildManager - Item _DebugSymbolsOutputPath 'C:\Users\New User\Desktop\GoldBadge\.vs\GoldBadge\v16\lut\0\b\KomodoBadge_Console\bin\Debug\KomodoBadge_Console.pdb' evaluated via:
_DebugSymbolsOutputPath: '@(_DebugSymbolsIntermediatePath->'$(OutDir)%(Filename)%(Extension)')' @ C:\Program Files (x86)\Microsoft Visual Studio\2019\Enterprise\MSBuild\Current\Bin\Microsoft.Common.CurrentVersion.targets:400
  OutDir: '$([MSBuild]::EnsureTrailingSlash($([MSBuild]::ValueOrDefault('$(OutDir)', '$(OutputPath)'))))' @ C:\Program Files (x86)\Microsoft Visual Studio\2019\Enterprise\MSBuild\Current\Bin\Microsoft.Common.CurrentVersion.targets:230
    OutDir: 'C:\Users\New User\Desktop\GoldBadge\.vs\GoldBadge\v16\lut\0\b\KomodoBadge_Console\bin\Debug\' @ C:\Users\New User\Desktop\GoldBadge\KomodoBadge_Console\KomodoBadge_Console.csproj:0
    OutputPath: '$([MSBuild]::EnsureTrailingSlash('$(OutputPath)'))' @ C:\Program Files (x86)\Microsoft Visual Studio\2019\Enterprise\MSBuild\Current\Bin\Microsoft.Common.CurrentVersion.targets:157
      OutputPath: 'bin\Debug\' @ C:\Users\New User\Desktop\GoldBadge\KomodoBadge_Console\KomodoBadge_Console.csproj:21
[20:29:26.352 Verbose] - BuildManager - Item _ApplicationManifestFinal 'C:\Users\New User\Desktop\GoldBadge\.vs\GoldBadge\v16\lut\0\b\KomodoBadge_Console\bin\Debug\KomodoBadge_Console.exe.manifest' evaluated via:
_ApplicationManifestFinal: '$(OutDir)$(_DeploymentTargetApplicationManifestFileName)' @ C:\Program Files (x86)\Microsoft Visual Studio\2019\Enterprise\MSBuild\Current\Bin\Microsoft.Common.CurrentVersion.targets:438
  OutDir: '$([MSBuild]::EnsureTrailingSlash($([MSBuild]::ValueOrDefault('$(OutDir)', '$(OutputPath)'))))' @ C:\Program Files (x86)\Microsoft Visual Studio\2019\Enterprise\MSBuild\Current\Bin\Microsoft.Common.CurrentVersion.targets:230
    OutDir: 'C:\Users\New User\Desktop\GoldBadge\.vs\GoldBadge\v16\lut\0\b\KomodoBadge_Console\bin\Debug\' @ C:\Users\New User\Desktop\GoldBadge\KomodoBadge_Console\KomodoBadge_Console.csproj:0
    OutputPath: '$([MSBuild]::EnsureTrailingSlash('$(OutputPath)'))' @ C:\Program Files (x86)\Microsoft Visual Studio\2019\Enterprise\MSBuild\Current\Bin\Microsoft.Common.CurrentVersion.targets:157
      OutputPath: 'bin\Debug\' @ C:\Users\New User\Desktop\GoldBadge\KomodoBadge_Console\KomodoBadge_Console.csproj:21
  _DeploymentTargetApplicationManifestFileName: '$(TargetFileName).manifest' @ C:\Program Files (x86)\Microsoft Visual Studio\2019\Enterprise\MSBuild\Current\Bin\Microsoft.Common.CurrentVersion.targets:267
    TargetFileName: '$(TargetName)$(TargetExt)' @ C:\Program Files (x86)\Microsoft Visual Studio\2019\Enterprise\MSBuild\Current\Bin\Microsoft.Common.CurrentVersion.targets:247
      TargetName: '$(AssemblyName)' @ C:\Program Files (x86)\Microsoft Visual Studio\2019\Enterprise\MSBuild\Current\Bin\Microsoft.Common.CurrentVersion.targets:239
        AssemblyName: 'KomodoBadge_Console' @ C:\Users\New User\Desktop\GoldBadge\KomodoBadge_Console\KomodoBadge_Console.csproj:10
      TargetExt: '.exe' @ C:\Program Files (x86)\Microsoft Visual Studio\2019\Enterprise\MSBuild\Current\Bin\Microsoft.Common.CurrentVersion.targets:215
